<?xml version="1.0" encoding="UTF-8"?>
<testng-results ignored="0" total="1" passed="1" failed="0" skipped="0">
  <reporter-output>
  </reporter-output>
  <suite started-at="2022-05-25T11:06:57 IST" name="Default suite" finished-at="2022-05-25T11:07:41 IST" duration-ms="44400">
    <groups>
    </groups>
    <test started-at="2022-05-25T11:06:57 IST" name="Default test" finished-at="2022-05-25T11:07:41 IST" duration-ms="44400">
      <class name="Class_Room_Programs.array">
        <test-method is-config="true" signature="beforeTest()[pri:0, instance:Class_Room_Programs.array@625732]" started-at="2022-05-25T11:06:57 IST" name="beforeTest" finished-at="2022-05-25T11:07:02 IST" duration-ms="5178" status="PASS">
          <reporter-output>
          </reporter-output>
        </test-method> <!-- beforeTest -->
        <test-method signature="fun()[pri:0, instance:Class_Room_Programs.array@625732]" started-at="2022-05-25T11:07:02 IST" name="fun" finished-at="2022-05-25T11:07:41 IST" duration-ms="39194" status="PASS">
          <reporter-output>
          </reporter-output>
        </test-method> <!-- fun -->
        <test-method is-config="true" signature="afterTest()[pri:0, instance:Class_Room_Programs.array@625732]" started-at="2022-05-25T11:07:41 IST" name="afterTest" finished-at="2022-05-25T11:07:41 IST" duration-ms="0" status="PASS">
          <reporter-output>
          </reporter-output>
        </test-method> <!-- afterTest -->
      </class> <!-- Class_Room_Programs.array -->
    </test> <!-- Default test -->
  </suite> <!-- Default suite -->
</testng-results>
